<?xml version="1.0" encoding="UTF-8"?>
<!-- Generated by org.testng.reporters.JUnitReportReporter -->
<testsuite hostname="Angad" failures="0" tests="4" name="s1.Methods" time="0.032" errors="0" timestamp="2022-09-09T17:03:26 IST" skipped="0">
  <testcase classname="s1.Methods" name="D" time="0.020"/>
  <system-out/>
  <testcase classname="s1.Methods" name="C" time="0.005"/>
  <system-out/>
  <testcase classname="s1.Methods" name="B" time="0.003"/>
  <system-out/>
  <testcase classname="s1.Methods" name="A" time="0.004"/>
  <system-out/>
</testsuite> <!-- s1.Methods -->
