<?xml version="1.0" encoding="UTF-8"?>
<!-- Generated by org.testng.reporters.JUnitReportReporter -->
<testsuite hostname="DESKTOP-4S2GNH8" failures="0" tests="1" name="Assert.soft_Asser" time="0.014" errors="0" timestamp="2022-09-24T23:22:32 IST" skipped="0">
  <testcase classname="Assert.soft_Asser" name="softassert" time="0.014"/>
  <system-out/>
</testsuite> <!-- Assert.soft_Asser -->
