<?xml version="1.0" encoding="UTF-8"?>
<!-- Generated by org.testng.reporters.JUnitReportReporter -->
<testsuite hostname="Angad" failures="0" tests="4" name="s1.Dataprovider" time="0.030" errors="0" timestamp="2022-09-10T18:04:52 IST" skipped="0">
  <testcase classname="s1.Dataprovider" name="DataMatrix" time="0.002"/>
  <system-out/>
  <testcase classname="s1.Dataprovider" name="DataMatrix" time="0.026"/>
  <system-out/>
  <testcase classname="s1.Dataprovider" name="DataMatrix" time="0.002"/>
  <system-out/>
  <testcase classname="s1.Dataprovider" name="DataMatrix" time="0.000"/>
  <system-out/>
</testsuite> <!-- s1.Dataprovider -->
