<?xml version="1.0" encoding="UTF-8"?>
<!-- Generated by org.testng.reporters.JUnitReportReporter -->
<testsuite hostname="DESKTOP-4S2GNH8" failures="0" tests="1" name="POM_TestNg.UtilityClass" time="0.011" errors="0" timestamp="2022-09-28T17:15:08 IST" skipped="0">
  <testcase classname="POM_TestNg.UtilityClass" name="m1" time="0.011"/>
  <system-out/>
</testsuite> <!-- POM_TestNg.UtilityClass -->
