<?xml version="1.0" encoding="UTF-8"?>
<!-- Generated by org.testng.reporters.JUnitReportReporter -->
<testsuite hostname="Angad" failures="0" tests="3" name="s1.multiple_tests" time="0.047" errors="0" timestamp="2022-08-21T15:15:49 IST" skipped="1">
  <testcase classname="s1.multiple_tests" name="login" time="0.039"/>
  <system-out/>
  <testcase classname="s1.multiple_tests" name="search" time="0.008"/>
  <system-out/>
  <testcase classname="s1.multiple_tests" name="edit">
    <skipped/>
  </testcase> <!-- edit -->
  <system-out/>
</testsuite> <!-- s1.multiple_tests -->
