<?xml version="1.0" encoding="UTF-8"?>
<!-- Generated by org.testng.reporters.JUnitReportReporter -->
<testsuite hostname="Angad" failures="0" tests="1" name="s1.website" time="52.052" errors="0" timestamp="2022-08-27T18:01:08 IST" skipped="0">
  <testcase classname="s1.website" name="openbrowser" time="52.052"/>
  <system-out/>
</testsuite> <!-- s1.website -->
