<?xml version="1.0" encoding="UTF-8"?>
<!-- Generated by org.testng.reporters.JUnitReportReporter -->
<testsuite hostname="DESKTOP-4S2GNH8" failures="0" tests="1" name="POM_TestNg.TestClass" time="14.753" errors="0" timestamp="2022-09-29T23:39:23 IST" skipped="0">
  <testcase classname="POM_TestNg.TestClass" name="extract_method" time="14.753"/>
  <system-out/>
</testsuite> <!-- POM_TestNg.TestClass -->
