<?xml version="1.0" encoding="UTF-8"?>
<!-- Generated by org.testng.reporters.JUnitReportReporter -->
<testsuite hostname="DESKTOP-4S2GNH8" failures="0" tests="2" name="s1.annotation" time="0.015" errors="0" timestamp="2022-09-28T17:12:27 IST" skipped="0">
  <testcase classname="s1.annotation" name="method1" time="0.010"/>
  <system-out/>
  <testcase classname="s1.annotation" name="method2" time="0.005"/>
  <system-out/>
</testsuite> <!-- s1.annotation -->
