<?xml version="1.0" encoding="UTF-8"?>
<!-- Generated by org.testng.reporters.JUnitReportReporter -->
<testsuite hostname="Angad" failures="0" tests="16" name="Testcases.Multiple_Testcases" time="0.098" errors="0" timestamp="2022-09-18T12:21:34 IST" skipped="0">
  <testcase classname="Testcases.Multiple_Testcases" name="logout" time="0.008"/>
  <system-out/>
  <testcase classname="Testcases.Multiple_Testcases" name="logout" time="0.003"/>
  <system-out/>
  <testcase classname="Testcases.Multiple_Testcases" name="enterCredentials" time="0.004"/>
  <system-out/>
  <testcase classname="Testcases.Multiple_Testcases" name="validatehomepage" time="0.003"/>
  <system-out/>
  <testcase classname="Testcases.Multiple_Testcases" name="logout" time="0.001"/>
  <system-out/>
  <testcase classname="Testcases.Multiple_Testcases" name="launchurl" time="0.002"/>
  <system-out/>
  <testcase classname="Testcases.Multiple_Testcases" name="validatehomepage" time="0.002"/>
  <system-out/>
  <testcase classname="Testcases.Multiple_Testcases" name="enterCredentials" time="0.037"/>
  <system-out/>
  <testcase classname="Testcases.Multiple_Testcases" name="validatehomepage" time="0.001"/>
  <system-out/>
  <testcase classname="Testcases.Multiple_Testcases" name="launchurl" time="0.010"/>
  <system-out/>
  <testcase classname="Testcases.Multiple_Testcases" name="launchurl" time="0.014"/>
  <system-out/>
  <testcase classname="Testcases.Multiple_Testcases" name="enterCredentials" time="0.004"/>
  <system-out/>
  <testcase classname="Testcases.Multiple_Testcases" name="enterCredentials" time="0.003"/>
  <system-out/>
  <testcase classname="Testcases.Multiple_Testcases" name="launchurl" time="0.003"/>
  <system-out/>
  <testcase classname="Testcases.Multiple_Testcases" name="validatehomepage" time="0.001"/>
  <system-out/>
  <testcase classname="Testcases.Multiple_Testcases" name="logout" time="0.002"/>
  <system-out/>
</testsuite> <!-- Testcases.Multiple_Testcases -->
