<?xml version="1.0" encoding="UTF-8"?>
<!-- Generated by org.testng.reporters.JUnitReportReporter -->
<testsuite hostname="DESKTOP-4S2GNH8" failures="0" tests="1" name="Parameterization.test1" time="5.135" errors="0" timestamp="2022-09-28T16:31:50 IST" skipped="0">
  <testcase classname="Parameterization.test1" name="m1" time="5.135"/>
  <system-out/>
</testsuite> <!-- Parameterization.test1 -->
