<?xml version="1.0" encoding="UTF-8"?>
<!-- Generated by org.testng.reporters.JUnitReportReporter -->
<testsuite hostname="Angad" failures="0" tests="1" name="s1.test1" time="0.013" errors="0" timestamp="2022-08-20T13:00:10 IST" skipped="0">
  <testcase classname="s1.test1" name="m1" time="0.013"/>
  <system-out/>
</testsuite> <!-- s1.test1 -->
